0 info it worked if it ends with ok
1 verbose cli [ 'C:\\Program Files\\nodejs\\node.exe',
1 verbose cli   'C:\\Program Files\\nodejs\\node_modules\\npm\\bin\\npm-cli.js',
1 verbose cli   'run',
1 verbose cli   'test' ]
2 info using npm@3.10.10
3 info using node@v7.2.1
4 verbose run-script [ 'pretest', 'test', 'posttest' ]
5 info lifecycle Describeflow@1.0.0~pretest: Describeflow@1.0.0
6 silly lifecycle Describeflow@1.0.0~pretest: no script for pretest, continuing
7 info lifecycle Describeflow@1.0.0~test: Describeflow@1.0.0
8 verbose lifecycle Describeflow@1.0.0~test: unsafe-perm in lifecycle true
9 verbose lifecycle Describeflow@1.0.0~test: PATH: C:\Program Files\nodejs\node_modules\npm\bin\node-gyp-bin;D:\xampp\htdocs\git\gistscription\new\node_modules\.bin;C:\Users\dev\bin;C:\Program Files (x86)\Git\mingw32\bin;C:\Program Files (x86)\Git\usr\local\bin;C:\Program Files (x86)\Git\usr\bin;C:\Program Files (x86)\Git\usr\bin;C:\Program Files (x86)\Git\mingw32\bin;C:\Program Files (x86)\Git\usr\bin;C:\Users\dev\bin;C:\Program Files (x86)\NVIDIA Corporation\PhysX\Common;C:\WINDOWS\system32;C:\WINDOWS;C:\WINDOWS\System32\Wbem;C:\WINDOWS\System32\WindowsPowerShell\v1.0;C:\Program Files (x86)\Intel\OpenCL SDK\2.0\bin\x86;C:\Program Files (x86)\Intel\OpenCL SDK\2.0\bin\x64;C:\Program Files (x86)\QuickTime\QTSystem;C:\tools\python;C:\tools\python2;C:\tools\apache-ant-1.9.4\bin;C:\Program Files (x86)\Subversion\bin;C:\xampp\php;C:\ProgramData\ComposerSetup\bin;C:\Program Files (x86)\Microsoft SDKs\TypeScript\1.0;C:\Program Files\Microsoft SQL Server\120\Tools\Binn;D:\xampp\php;D:\Programy\Tortoise\bin;C:\Program Files\TortoiseGit\bin;C:\WINDOWS\system32;C:\WINDOWS;C:\WINDOWS\System32\Wbem;C:\WINDOWS\System32\WindowsPowerShell\v1.0;~\.composer\vendor\bin;C:\Program Files\Git\cmd;C:\Program Files (x86)\Skype\Phone;C:\Program Files\Microsoft SQL Server\130\Tools\Binn;C:\Program Files (x86)\Windows Kits\10\Windows Performance Toolkit;D:\Heroku\bin;C:\Program Files (x86)\git\cmd;C:\Program Files (x86)\Git\cmd;C:\Program Files\nodejs;C:\Users\dev\AppData\Local\Microsoft\WindowsApps;C:\Program Files (x86)\Git\usr\bin\vendor_perl;C:\Program Files (x86)\Git\usr\bin\core_perl
10 verbose lifecycle Describeflow@1.0.0~test: CWD: D:\xampp\htdocs\git\gistscription\new
11 silly lifecycle Describeflow@1.0.0~test: Args: [ '/d /s /c', 'ava --tap | tap-spec test/unit/specs' ]
12 silly lifecycle Describeflow@1.0.0~test: Returned: code: 1  signal: null
13 info lifecycle Describeflow@1.0.0~test: Failed to exec test script
14 verbose stack Error: Describeflow@1.0.0 test: `ava --tap | tap-spec test/unit/specs`
14 verbose stack Exit status 1
14 verbose stack     at EventEmitter.<anonymous> (C:\Program Files\nodejs\node_modules\npm\lib\utils\lifecycle.js:255:16)
14 verbose stack     at emitTwo (events.js:106:13)
14 verbose stack     at EventEmitter.emit (events.js:191:7)
14 verbose stack     at ChildProcess.<anonymous> (C:\Program Files\nodejs\node_modules\npm\lib\utils\spawn.js:40:14)
14 verbose stack     at emitTwo (events.js:106:13)
14 verbose stack     at ChildProcess.emit (events.js:191:7)
14 verbose stack     at maybeClose (internal/child_process.js:885:16)
14 verbose stack     at Process.ChildProcess._handle.onexit (internal/child_process.js:226:5)
15 verbose pkgid Describeflow@1.0.0
16 verbose cwd D:\xampp\htdocs\git\gistscription\new
17 error Windows_NT 10.0.14393
18 error argv "C:\\Program Files\\nodejs\\node.exe" "C:\\Program Files\\nodejs\\node_modules\\npm\\bin\\npm-cli.js" "run" "test"
19 error node v7.2.1
20 error npm  v3.10.10
21 error code ELIFECYCLE
22 error Describeflow@1.0.0 test: `ava --tap | tap-spec test/unit/specs`
22 error Exit status 1
23 error Failed at the Describeflow@1.0.0 test script 'ava --tap | tap-spec test/unit/specs'.
23 error Make sure you have the latest version of node.js and npm installed.
23 error If you do, this is most likely a problem with the Describeflow package,
23 error not with npm itself.
23 error Tell the author that this fails on your system:
23 error     ava --tap | tap-spec test/unit/specs
23 error You can get information on how to open an issue for this project with:
23 error     npm bugs Describeflow
23 error Or if that isn't available, you can get their info via:
23 error     npm owner ls Describeflow
23 error There is likely additional logging output above.
24 verbose exit [ 1, true ]
